2023-06-08 09:15:55,666 - INFO - Streamlit APP running.
2023-06-08 09:15:56,048 - INFO - Streamlit APP running.
2023-06-08 09:16:07,296 - INFO - Streamlit APP running.
2023-06-08 09:16:07,513 - INFO - Data error. ('The SQL contains 0 parameter markers, but 22 parameters were supplied', 'HY000')
2023-06-08 09:17:17,778 - INFO - Streamlit APP running.
2023-06-08 09:17:20,641 - INFO - Streamlit APP running.
2023-06-08 09:17:20,720 - INFO - Data error. ('The SQL contains 0 parameter markers, but 22 parameters were supplied', 'HY000')
2023-06-08 09:18:13,320 - INFO - Streamlit APP running.
2023-06-08 09:18:15,428 - INFO - Streamlit APP running.
2023-06-08 09:18:15,512 - INFO - Data error. ('The SQL contains 0 parameter markers, but 22 parameters were supplied', 'HY000')
2023-06-08 09:19:53,107 - INFO - Streamlit APP running.
2023-06-08 09:19:57,493 - INFO - Streamlit APP running.
2023-06-08 09:19:57,715 - INFO - Data error. ('The SQL contains 0 parameter markers, but 22 parameters were supplied', 'HY000')
2023-06-08 09:21:13,970 - INFO - Streamlit APP running.
2023-06-08 09:22:07,106 - INFO - Streamlit APP running.
2023-06-08 09:22:12,928 - INFO - Streamlit APP running.
2023-06-08 09:22:13,032 - INFO - Data error. ('The SQL contains 0 parameter markers, but 22 parameters were supplied', 'HY000')
2023-06-08 09:26:43,459 - INFO - Streamlit APP running.
2023-06-08 09:26:43,849 - INFO - Streamlit APP running.
2023-06-08 09:26:50,835 - INFO - Streamlit APP running.
2023-06-08 09:27:34,047 - INFO - Streamlit APP running.
2023-06-08 09:27:56,833 - INFO - Streamlit APP running.
2023-06-08 09:27:56,925 - INFO - Data error. ('The SQL contains 0 parameter markers, but 22 parameters were supplied', 'HY000')
2023-06-08 09:28:35,170 - INFO - Streamlit APP running.
2023-06-08 09:28:37,772 - INFO - Streamlit APP running.
2023-06-08 09:28:37,860 - INFO - Data error. ('The SQL contains 0 parameter markers, but 22 parameters were supplied', 'HY000')
2023-06-08 09:29:11,219 - INFO - Streamlit APP running.
2023-06-08 09:29:13,921 - INFO - Streamlit APP running.
2023-06-08 09:29:14,012 - INFO - Data error. ('The SQL contains 0 parameter markers, but 22 parameters were supplied', 'HY000')
2023-06-08 09:34:56,079 - INFO - Streamlit APP running.
2023-06-08 09:34:56,423 - INFO - Streamlit APP running.
2023-06-08 09:34:59,738 - INFO - Streamlit APP running.
2023-06-08 09:36:13,142 - INFO - Streamlit APP running.
2023-06-08 09:36:18,066 - INFO - Streamlit APP running.
2023-06-08 09:36:18,149 - INFO - Data error. ('The SQL contains 0 parameter markers, but 22 parameters were supplied', 'HY000')
2023-06-08 09:36:45,161 - INFO - Streamlit APP running.
2023-06-08 09:36:45,173 - INFO - Streamlit APP running.
2023-06-08 09:36:45,634 - INFO - Streamlit APP running.
2023-06-08 09:36:50,067 - INFO - Streamlit APP running.
2023-06-08 09:36:50,305 - INFO - Data error. ('The SQL contains 0 parameter markers, but 22 parameters were supplied', 'HY000')
2023-06-08 09:38:21,254 - INFO - Streamlit APP running.
2023-06-08 09:38:24,739 - INFO - Streamlit APP running.
2023-06-08 09:39:04,769 - INFO - Streamlit APP running.
2023-06-08 09:39:14,285 - INFO - Streamlit APP running.
2023-06-08 09:39:14,373 - INFO - Data error. ('The SQL contains 0 parameter markers, but 22 parameters were supplied', 'HY000')
2023-06-08 09:42:44,515 - INFO - Streamlit APP running.
2023-06-08 09:42:47,606 - INFO - Streamlit APP running.
2023-06-08 09:42:47,690 - INFO - Data error. ('The SQL contains 0 parameter markers, but 22 parameters were supplied', 'HY000')
2023-06-08 09:47:05,630 - INFO - Streamlit APP running.
2023-06-08 09:47:06,028 - INFO - Streamlit APP running.
2023-06-08 09:47:15,306 - INFO - Streamlit APP running.
2023-06-08 09:47:15,517 - INFO - Data error. ('The SQL contains 0 parameter markers, but 22 parameters were supplied', 'HY000')
2023-06-08 09:48:00,265 - INFO - Streamlit APP running.
2023-06-08 09:48:04,642 - INFO - Streamlit APP running.
2023-06-08 09:48:04,726 - INFO - Data error. ('The SQL contains 0 parameter markers, but 22 parameters were supplied', 'HY000')
2023-06-08 09:48:42,232 - INFO - Streamlit APP running.
2023-06-08 09:48:46,515 - INFO - Streamlit APP running.
2023-06-08 09:48:48,707 - INFO - Data adding successfully.
2023-06-08 09:53:27,524 - INFO - Streamlit APP running.
2023-06-08 09:53:31,075 - INFO - Streamlit APP running.
2023-06-08 09:54:11,163 - INFO - Streamlit APP running.
2023-06-08 09:54:13,987 - INFO - Streamlit APP running.
2023-06-08 09:54:15,576 - INFO - Data adding successfully.
2023-06-08 09:55:18,866 - INFO - Streamlit APP running.
2023-06-08 09:55:23,765 - INFO - Streamlit APP running.
2023-06-08 09:55:25,930 - INFO - Data adding successfully.
2023-06-08 09:55:56,641 - INFO - Streamlit APP running.
2023-06-08 09:55:59,653 - INFO - Streamlit APP running.
2023-06-08 09:56:10,368 - INFO - Streamlit APP running.
2023-06-08 09:56:12,430 - INFO - Data adding successfully.
2023-06-08 10:02:36,492 - INFO - Streamlit APP running.
2023-06-08 10:03:13,005 - INFO - Streamlit APP running.
2023-06-08 10:03:15,350 - INFO - Data adding successfully.
2023-06-08 10:03:18,171 - INFO - Streamlit APP running.
2023-06-08 10:03:20,962 - INFO - Streamlit APP running.
2023-06-08 10:03:22,534 - INFO - Data adding successfully.
2023-06-08 10:03:44,727 - INFO - Streamlit APP running.
2023-06-08 10:03:47,697 - INFO - Streamlit APP running.
2023-06-08 10:03:47,852 - INFO - Data adding successfully.
2023-06-08 10:03:49,890 - INFO - Streamlit APP running.
2023-06-08 10:03:52,656 - INFO - Streamlit APP running.
2023-06-08 10:03:54,820 - INFO - Data adding successfully.
2023-06-08 10:05:11,493 - INFO - Streamlit APP running.
2023-06-08 10:05:16,737 - INFO - Streamlit APP running.
2023-06-08 10:05:16,839 - INFO - Data adding successfully.
2023-06-08 11:26:43,136 - INFO - Streamlit APP running.
2023-06-08 11:26:47,928 - INFO - Streamlit APP running.
2023-06-08 11:26:48,254 - INFO - Data error. ('22018', "[22018] [Microsoft][ODBC SQL Server Driver][SQL Server]Conversion failed when converting the nvarchar value 'TH001' to data type int. (245) (SQLExecDirectW)")
2023-06-08 11:29:02,552 - INFO - Streamlit APP running.
2023-06-08 11:29:05,633 - INFO - Streamlit APP running.
2023-06-08 11:29:05,810 - INFO - Data adding successfully.
2023-06-09 09:58:53,841 - INFO - Streamlit APP running.
2023-06-09 10:03:32,078 - INFO - Streamlit APP running.
2023-06-09 10:11:38,178 - INFO - Streamlit APP running.
2023-06-09 10:11:42,299 - INFO - Streamlit APP running.
2023-06-09 10:11:44,532 - INFO - Streamlit APP running.
2023-06-09 10:11:46,359 - INFO - Streamlit APP running.
2023-06-09 10:12:22,446 - INFO - Streamlit APP running.
2023-06-09 10:14:43,154 - INFO - Streamlit APP running.
2023-06-09 10:17:00,993 - INFO - Streamlit APP running.
2023-06-09 10:17:03,793 - INFO - Streamlit APP running.
2023-06-09 10:17:06,281 - INFO - Streamlit APP running.
2023-06-09 10:18:49,594 - INFO - Streamlit APP running.
2023-06-09 10:21:46,077 - INFO - Streamlit APP running.
2023-06-09 10:21:55,568 - INFO - Streamlit APP running.
2023-06-09 10:21:57,827 - INFO - Data adding successfully.
2023-06-09 10:22:04,930 - INFO - Streamlit APP running.
2023-06-09 10:22:05,000 - INFO - Streamlit APP running.
2023-06-09 10:22:05,099 - INFO - Data adding successfully.
2023-06-09 10:22:08,885 - INFO - Streamlit APP running.
2023-06-09 10:22:11,188 - INFO - Streamlit APP running.
2023-06-09 10:22:12,677 - INFO - Streamlit APP running.
2023-06-09 10:22:14,020 - INFO - Streamlit APP running.
2023-06-09 10:24:06,313 - INFO - Streamlit APP running.
2023-06-09 10:25:20,007 - INFO - Streamlit APP running.
2023-06-09 10:27:14,154 - INFO - Streamlit APP running.
2023-06-09 10:27:44,192 - INFO - Streamlit APP running.
2023-06-09 10:41:58,412 - INFO - Streamlit APP running.
2023-06-09 10:58:15,804 - INFO - Streamlit APP running.
2023-06-09 10:58:38,948 - INFO - Streamlit APP running.
2023-06-09 10:58:40,588 - INFO - Streamlit APP running.
2023-06-09 11:00:50,526 - INFO - Streamlit APP running.
2023-06-09 11:04:34,638 - INFO - Streamlit APP running.
2023-06-09 11:04:51,044 - INFO - Streamlit APP running.
2023-06-09 11:05:20,537 - INFO - Streamlit APP running.
2023-06-09 11:05:23,751 - INFO - Streamlit APP running.
2023-06-09 11:05:28,838 - INFO - Streamlit APP running.
2023-06-09 11:05:43,146 - INFO - Streamlit APP running.
2023-06-09 11:05:57,418 - INFO - Streamlit APP running.
2023-06-09 11:16:21,723 - INFO - Streamlit APP running.
2023-06-09 11:32:47,233 - INFO - Streamlit APP running.
2023-06-09 11:33:18,192 - INFO - Streamlit APP running.
2023-06-09 11:33:46,148 - INFO - Streamlit APP running.
2023-06-09 11:33:52,592 - INFO - Streamlit APP running.
2023-06-09 11:33:58,035 - INFO - Streamlit APP running.
2023-06-09 11:34:35,959 - INFO - Streamlit APP running.
2023-06-09 11:35:16,466 - INFO - Streamlit APP running.
2023-06-09 11:38:31,254 - INFO - Streamlit APP running.
2023-06-09 11:39:37,605 - INFO - Streamlit APP running.
2023-06-09 11:40:20,712 - INFO - Streamlit APP running.
2023-06-09 11:41:49,898 - INFO - Streamlit APP running.
2023-06-09 11:41:55,009 - INFO - Streamlit APP running.
2023-06-09 11:43:05,006 - INFO - Streamlit APP running.
2023-06-09 11:43:10,009 - INFO - Streamlit APP running.
2023-06-09 11:43:12,701 - INFO - Streamlit APP running.
2023-06-09 11:43:38,540 - INFO - Streamlit APP running.
2023-06-09 11:43:57,607 - INFO - Streamlit APP running.
2023-06-09 11:44:06,764 - INFO - Streamlit APP running.
2023-06-09 11:44:48,354 - INFO - Streamlit APP running.
2023-06-09 11:45:22,996 - INFO - Streamlit APP running.
2023-06-09 13:35:20,336 - INFO - Streamlit APP running.
2023-06-09 13:35:23,790 - INFO - Streamlit APP running.
2023-06-09 13:35:45,332 - INFO - Streamlit APP running.
2023-06-09 13:35:56,317 - INFO - Streamlit APP running.
2023-06-09 13:36:10,770 - INFO - Streamlit APP running.
2023-06-09 13:48:29,623 - INFO - Streamlit APP running.
2023-06-09 13:49:18,841 - INFO - Streamlit APP running.
2023-06-09 13:53:43,828 - INFO - Streamlit APP running.
2023-06-09 13:53:59,462 - INFO - Streamlit APP running.
2023-06-09 13:54:14,515 - INFO - Streamlit APP running.
2023-06-09 13:54:14,594 - INFO - Streamlit APP running.
2023-06-09 13:54:17,018 - INFO - Streamlit APP running.
2023-06-09 13:54:17,584 - INFO - Streamlit APP running.
2023-06-09 13:54:17,938 - INFO - Streamlit APP running.
2023-06-09 13:54:18,695 - INFO - Streamlit APP running.
2023-06-09 13:54:18,943 - INFO - Streamlit APP running.
2023-06-09 13:54:19,529 - INFO - Streamlit APP running.
2023-06-09 13:54:19,695 - INFO - Streamlit APP running.
2023-06-09 13:54:24,511 - INFO - Streamlit APP running.
2023-06-09 13:54:37,742 - INFO - Streamlit APP running.
2023-06-09 13:54:40,165 - INFO - Streamlit APP running.
2023-06-09 13:54:40,345 - INFO - Streamlit APP running.
2023-06-09 13:54:40,488 - INFO - Streamlit APP running.
2023-06-09 13:54:41,170 - INFO - Streamlit APP running.
2023-06-09 13:54:41,704 - INFO - Streamlit APP running.
2023-06-09 13:54:42,131 - INFO - Streamlit APP running.
2023-06-09 13:54:42,494 - INFO - Streamlit APP running.
2023-06-09 13:54:42,648 - INFO - Streamlit APP running.
2023-06-09 13:54:42,963 - INFO - Streamlit APP running.
2023-06-09 13:54:43,265 - INFO - Streamlit APP running.
2023-06-09 13:54:43,405 - INFO - Streamlit APP running.
2023-06-09 13:54:43,730 - INFO - Streamlit APP running.
2023-06-09 13:54:43,949 - INFO - Streamlit APP running.
2023-06-09 13:54:44,165 - INFO - Streamlit APP running.
2023-06-09 13:54:44,286 - INFO - Streamlit APP running.
2023-06-09 13:54:47,012 - INFO - Streamlit APP running.
2023-06-09 13:55:38,503 - INFO - Streamlit APP running.
2023-06-09 13:55:56,596 - INFO - Streamlit APP running.
2023-06-09 13:56:02,980 - INFO - Streamlit APP running.
2023-06-09 13:56:03,383 - INFO - Streamlit APP running.
2023-06-09 13:56:03,875 - INFO - Streamlit APP running.
2023-06-09 13:56:42,221 - INFO - Streamlit APP running.
2023-06-09 13:56:44,196 - INFO - Streamlit APP running.
2023-06-09 13:56:44,825 - INFO - Streamlit APP running.
2023-06-09 13:56:45,290 - INFO - Streamlit APP running.
2023-06-09 13:56:45,587 - INFO - Streamlit APP running.
2023-06-09 13:56:46,198 - INFO - Streamlit APP running.
2023-06-09 13:56:46,518 - INFO - Streamlit APP running.
2023-06-09 13:56:46,840 - INFO - Streamlit APP running.
2023-06-09 13:56:47,454 - INFO - Streamlit APP running.
2023-06-09 13:56:47,753 - INFO - Streamlit APP running.
2023-06-09 13:56:48,126 - INFO - Streamlit APP running.
2023-06-09 13:56:48,445 - INFO - Streamlit APP running.
2023-06-09 13:56:49,008 - INFO - Streamlit APP running.
2023-06-09 14:06:59,636 - INFO - Streamlit APP running.
2023-06-09 14:18:36,252 - INFO - Streamlit APP running.
2023-06-09 14:18:39,758 - INFO - Streamlit APP running.
2023-06-09 14:22:24,546 - INFO - Streamlit APP running.
2023-06-09 14:29:46,855 - INFO - Streamlit APP running.
2023-06-09 14:31:58,682 - INFO - Streamlit APP running.
2023-06-09 14:32:22,941 - INFO - Streamlit APP running.
2023-06-09 14:32:37,137 - INFO - Streamlit APP running.
2023-06-09 14:32:48,538 - INFO - Streamlit APP running.
2023-06-09 14:33:09,352 - INFO - Streamlit APP running.
2023-06-09 14:33:43,456 - INFO - Streamlit APP running.
2023-06-09 14:35:51,454 - INFO - Streamlit APP running.
2023-06-09 14:36:12,082 - INFO - Streamlit APP running.
2023-06-09 14:36:17,329 - INFO - Streamlit APP running.
2023-06-09 14:36:47,351 - INFO - Streamlit APP running.
2023-06-09 14:38:24,299 - INFO - Streamlit APP running.
2023-06-09 14:38:29,348 - INFO - Streamlit APP running.
2023-06-09 14:38:30,746 - INFO - Streamlit APP running.
2023-06-09 14:40:36,194 - INFO - Streamlit APP running.
2023-06-09 14:45:49,323 - INFO - Streamlit APP running.
2023-06-09 14:46:07,448 - INFO - Streamlit APP running.
2023-06-09 14:46:26,966 - INFO - Streamlit APP running.
2023-06-09 16:43:40,780 - INFO - Streamlit APP running.
2023-06-09 16:43:40,875 - INFO - Streamlit APP running.
2023-06-09 16:43:41,286 - INFO - Streamlit APP running.
2023-06-09 16:45:14,494 - INFO - Streamlit APP running.
2023-06-09 16:46:26,123 - INFO - Streamlit APP running.
2023-06-09 16:46:29,449 - INFO - Streamlit APP running.
2023-06-09 16:47:11,490 - INFO - Streamlit APP running.
2023-06-09 16:47:21,487 - INFO - Streamlit APP running.
2023-06-09 16:49:40,718 - INFO - Streamlit APP running.
2023-06-09 16:50:04,285 - INFO - Streamlit APP running.
2023-06-09 16:50:49,179 - INFO - Streamlit APP running.
2023-06-09 16:55:34,712 - INFO - Streamlit APP running.
2023-06-09 17:07:02,173 - INFO - Streamlit APP running.
2023-06-09 17:07:18,819 - INFO - Streamlit APP running.
2023-06-09 17:07:54,256 - INFO - Streamlit APP running.
2023-06-09 17:09:31,818 - INFO - Streamlit APP running.
2023-06-09 17:11:38,720 - INFO - Streamlit APP running.
2023-06-09 17:12:18,444 - INFO - Streamlit APP running.
2023-06-09 17:12:28,943 - INFO - Streamlit APP running.
2023-06-09 17:13:50,991 - INFO - Streamlit APP running.
2023-06-09 17:14:03,354 - INFO - Streamlit APP running.
2023-06-09 17:14:25,421 - INFO - Streamlit APP running.
2023-06-09 17:15:03,692 - INFO - Streamlit APP running.
2023-06-09 17:19:27,583 - INFO - Streamlit APP running.
2023-06-09 17:25:17,347 - INFO - Streamlit APP running.
2023-06-09 17:29:13,650 - INFO - Streamlit APP running.
2023-06-09 17:29:58,086 - INFO - Streamlit APP running.
2023-06-09 17:30:09,956 - INFO - Streamlit APP running.
2023-06-09 17:30:18,978 - INFO - Streamlit APP running.
2023-06-09 17:30:28,260 - INFO - Streamlit APP running.
2023-06-09 17:31:18,428 - INFO - Streamlit APP running.
2023-06-09 17:31:48,839 - INFO - Streamlit APP running.
2023-06-09 17:34:04,059 - INFO - Streamlit APP running.
2023-06-09 17:34:05,561 - INFO - Streamlit APP running.
2023-06-09 22:59:40,235 - INFO - Streamlit APP running.
2023-06-09 22:59:44,160 - INFO - Streamlit APP running.
2023-06-09 23:00:00,275 - INFO - Streamlit APP running.
2023-06-09 23:06:46,329 - INFO - Streamlit APP running.
2023-06-09 23:07:27,560 - INFO - Streamlit APP running.
2023-06-09 23:07:34,150 - INFO - Streamlit APP running.
2023-06-09 23:07:37,014 - INFO - Streamlit APP running.
2023-06-09 23:11:31,990 - INFO - Streamlit APP running.
2023-06-09 23:13:16,563 - INFO - Streamlit APP running.
2023-06-09 23:14:40,783 - INFO - Streamlit APP running.
2023-06-09 23:15:10,899 - INFO - Streamlit APP running.
2023-06-09 23:15:25,349 - INFO - Streamlit APP running.
2023-06-09 23:28:19,849 - INFO - Streamlit APP running.
2023-06-09 23:28:40,679 - INFO - Streamlit APP running.
2023-06-09 23:28:50,512 - INFO - Streamlit APP running.
2023-06-09 23:28:54,605 - INFO - Streamlit APP running.
2023-06-09 23:29:14,837 - INFO - Streamlit APP running.
2023-06-09 23:44:24,246 - INFO - Streamlit APP running.
2023-06-09 23:44:54,114 - INFO - Streamlit APP running.
2023-06-09 23:45:05,061 - INFO - Streamlit APP running.
2023-06-09 23:45:17,952 - INFO - Streamlit APP running.
2023-06-09 23:57:36,155 - INFO - Streamlit APP running.
2023-06-09 23:57:37,818 - INFO - Streamlit APP running.
2023-06-09 23:57:45,802 - INFO - Streamlit APP running.
2023-06-09 23:57:48,752 - INFO - Streamlit APP running.
2023-06-09 23:57:50,305 - INFO - Streamlit APP running.
2023-06-09 23:57:51,478 - INFO - Streamlit APP running.
2023-06-10 00:01:07,754 - INFO - Streamlit APP running.
2023-06-10 00:01:11,098 - INFO - Streamlit APP running.
2023-06-10 00:01:11,112 - INFO - SQL error. Attempt to use a closed cursor.
2023-06-10 00:03:13,577 - INFO - Streamlit APP running.
2023-06-10 00:03:17,239 - INFO - Streamlit APP running.
2023-06-10 00:03:18,914 - INFO - Streamlit APP running.
2023-06-10 00:03:30,455 - INFO - Streamlit APP running.
2023-06-10 00:04:18,982 - INFO - Streamlit APP running.
2023-06-10 00:04:22,720 - INFO - Streamlit APP running.
2023-06-10 00:04:25,376 - INFO - Streamlit APP running.
2023-06-10 00:04:28,183 - INFO - Streamlit APP running.
2023-06-10 00:04:29,406 - INFO - Streamlit APP running.
2023-06-10 00:04:51,743 - INFO - Streamlit APP running.
2023-06-10 00:04:57,044 - INFO - Streamlit APP running.
2023-06-10 00:05:00,606 - INFO - Streamlit APP running.
2023-06-10 00:05:01,614 - INFO - Streamlit APP running.
2023-06-10 00:05:07,384 - INFO - Streamlit APP running.
2023-06-10 00:05:09,819 - INFO - Streamlit APP running.
2023-06-10 00:08:21,140 - INFO - Streamlit APP running.
2023-06-10 00:08:32,709 - INFO - Streamlit APP running.
2023-06-10 00:08:39,462 - INFO - Streamlit APP running.
2023-06-10 00:08:44,062 - INFO - Streamlit APP running.
2023-06-10 00:08:47,926 - INFO - Streamlit APP running.
2023-06-10 00:08:49,843 - INFO - Streamlit APP running.
2023-06-10 00:09:35,279 - INFO - Streamlit APP running.
2023-06-10 00:09:35,381 - INFO - Streamlit APP running.
2023-06-10 00:09:35,395 - INFO - SQL error. Attempt to use a closed cursor.
2023-06-10 00:10:27,421 - INFO - Streamlit APP running.
2023-06-10 00:10:30,171 - INFO - Streamlit APP running.
2023-06-10 00:10:31,242 - INFO - Streamlit APP running.
2023-06-10 00:10:38,286 - INFO - Streamlit APP running.
2023-06-10 00:11:01,156 - INFO - Streamlit APP running.
2023-06-10 00:11:01,236 - INFO - Streamlit APP running.
2023-06-10 00:11:03,482 - INFO - Streamlit APP running.
2023-06-10 00:11:20,362 - INFO - Streamlit APP running.
2023-06-10 00:11:26,599 - INFO - Streamlit APP running.
2023-06-10 00:11:26,624 - INFO - SQL error. ('22003', "[22003] [Microsoft][ODBC SQL Server Driver][SQL Server]The conversion of the varchar value '008205007265' overflowed an int column. (248) (SQLExecDirectW); [22003] [Microsoft][ODBC SQL Server Driver][SQL Server]The statement has been terminated. (3621)")
2023-06-10 00:12:39,882 - INFO - Streamlit APP running.
2023-06-10 00:12:45,002 - INFO - Streamlit APP running.
2023-06-10 00:12:45,091 - INFO - Streamlit APP running.
2023-06-10 00:12:45,108 - INFO - SQL error. ('22003', '[22003] [Microsoft][ODBC SQL Server Driver][SQL Server]Arithmetic overflow error converting varchar to data type numeric. (8115) (SQLExecDirectW); [22003] [Microsoft][ODBC SQL Server Driver][SQL Server]The statement has been terminated. (3621)')
2023-06-10 00:15:36,483 - INFO - Streamlit APP running.
2023-06-10 00:15:38,671 - INFO - Streamlit APP running.
2023-06-10 00:15:38,688 - INFO - SQL error. ('22003', '[22003] [Microsoft][ODBC SQL Server Driver][SQL Server]Arithmetic overflow error converting varchar to data type numeric. (8115) (SQLExecDirectW); [22003] [Microsoft][ODBC SQL Server Driver][SQL Server]The statement has been terminated. (3621)')
2023-06-10 00:17:04,980 - INFO - Streamlit APP running.
2023-06-10 00:17:07,272 - INFO - Streamlit APP running.
2023-06-10 00:17:14,847 - INFO - Streamlit APP running.
2023-06-10 00:19:22,605 - INFO - Streamlit APP running.
2023-06-10 00:19:25,443 - INFO - Streamlit APP running.
2023-06-10 00:19:42,222 - INFO - Streamlit APP running.
2023-06-10 00:19:55,988 - INFO - Streamlit APP running.
2023-06-10 00:20:10,266 - INFO - Streamlit APP running.
2023-06-10 00:20:32,487 - INFO - Streamlit APP running.
2023-06-10 00:20:38,756 - INFO - Streamlit APP running.
2023-06-10 00:20:52,396 - INFO - Streamlit APP running.
2023-06-10 00:22:24,450 - INFO - Streamlit APP running.
2023-06-10 00:22:34,952 - INFO - Streamlit APP running.
2023-06-10 00:30:22,046 - INFO - Streamlit APP running.
2023-06-10 00:30:28,694 - INFO - Streamlit APP running.
2023-06-10 00:30:28,787 - INFO - Streamlit APP running.
2023-06-10 00:30:46,153 - INFO - Streamlit APP running.
2023-06-10 00:30:47,229 - INFO - Streamlit APP running.
2023-06-10 00:32:22,283 - INFO - Streamlit APP running.
2023-06-10 00:32:24,920 - INFO - Streamlit APP running.
2023-06-10 00:33:01,271 - INFO - Streamlit APP running.
2023-06-10 00:33:01,377 - INFO - Streamlit APP running.
2023-06-10 00:35:11,387 - INFO - Streamlit APP running.
2023-06-10 00:35:54,445 - INFO - Streamlit APP running.
2023-06-10 00:36:00,362 - INFO - Streamlit APP running.
2023-06-10 00:36:14,131 - INFO - Streamlit APP running.
2023-06-10 00:36:14,232 - INFO - Streamlit APP running.
2023-06-10 08:24:07,934 - INFO - Streamlit APP running.
2023-06-10 08:25:48,102 - INFO - Streamlit APP running.
2023-06-10 08:29:21,718 - INFO - Streamlit APP running.
2023-06-10 11:29:21,627 - INFO - Streamlit APP running.
2023-06-10 11:32:34,939 - INFO - Streamlit APP running.
2023-06-10 11:34:10,526 - INFO - Streamlit APP running.
2023-06-10 11:35:22,805 - INFO - Streamlit APP running.
2023-06-10 11:36:19,125 - INFO - Streamlit APP running.
2023-06-10 11:37:59,628 - INFO - Streamlit APP running.
2023-06-10 11:37:59,709 - INFO - Streamlit APP running.
2023-06-10 11:38:22,073 - INFO - Streamlit APP running.
2023-06-10 11:39:26,094 - INFO - Streamlit APP running.
2023-06-10 11:39:28,722 - INFO - Streamlit APP running.
2023-06-10 11:39:37,624 - INFO - Streamlit APP running.
2023-06-10 11:39:37,700 - INFO - Streamlit APP running.
2023-06-10 11:39:53,600 - INFO - Streamlit APP running.
2023-06-10 11:40:01,461 - INFO - Streamlit APP running.
2023-06-10 11:40:42,904 - INFO - Streamlit APP running.
2023-06-10 11:40:45,243 - INFO - Streamlit APP running.
2023-06-10 11:40:59,279 - INFO - Streamlit APP running.
2023-06-10 13:19:25,691 - INFO - Streamlit APP running.
2023-06-10 13:19:25,754 - INFO - Streamlit APP running.
2023-06-10 13:28:10,318 - INFO - Streamlit APP running.
2023-06-10 13:28:18,749 - INFO - Streamlit APP running.
2023-06-10 13:28:18,855 - INFO - Streamlit APP running.
2023-06-10 13:31:02,529 - INFO - Streamlit APP running.
2023-06-10 13:31:05,685 - INFO - Streamlit APP running.
2023-06-10 13:31:21,243 - INFO - Streamlit APP running.
2023-06-10 13:31:23,503 - INFO - Streamlit APP running.
2023-06-10 13:32:19,384 - INFO - Streamlit APP running.
2023-06-10 13:32:31,340 - INFO - Streamlit APP running.
2023-06-10 13:32:31,480 - INFO - Streamlit APP running.
2023-06-10 14:12:51,389 - INFO - Streamlit APP running.
2023-06-10 14:17:54,007 - INFO - Streamlit APP running.
2023-06-10 14:18:16,704 - INFO - Streamlit APP running.
2023-06-10 14:23:08,899 - INFO - Streamlit APP running.
2023-06-10 14:23:12,849 - INFO - Streamlit APP running.
2023-06-10 14:23:32,704 - INFO - Streamlit APP running.
2023-06-10 14:23:51,038 - INFO - Streamlit APP running.
2023-06-10 14:23:57,500 - INFO - Streamlit APP running.
2023-06-10 14:24:05,377 - INFO - Streamlit APP running.
2023-06-10 14:24:18,039 - INFO - Streamlit APP running.
2023-06-10 14:30:31,331 - INFO - Streamlit APP running.
2023-06-10 14:31:04,077 - INFO - Streamlit APP running.
2023-06-10 14:31:18,985 - INFO - Streamlit APP running.
2023-06-10 14:31:19,076 - INFO - Streamlit APP running.
2023-06-10 14:31:19,104 - INFO - SQL error. ('22007', '[22007] [Microsoft][ODBC SQL Server Driver][SQL Server]Conversion failed when converting character string to smalldatetime data type. (295) (SQLExecDirectW)')
2023-06-10 14:35:50,695 - INFO - Streamlit APP running.
2023-06-10 14:36:02,579 - INFO - Streamlit APP running.
2023-06-10 14:36:02,602 - INFO - SQL error. ('22007', '[22007] [Microsoft][ODBC SQL Server Driver][SQL Server]Conversion failed when converting character string to smalldatetime data type. (295) (SQLExecDirectW)')
2023-06-10 14:36:28,022 - INFO - Streamlit APP running.
2023-06-10 14:36:33,080 - INFO - Streamlit APP running.
2023-06-10 14:36:33,102 - INFO - SQL error. ('42000', "[42000] [Microsoft][ODBC SQL Server Driver][SQL Server]Incorrect syntax near '14'. (102) (SQLExecDirectW)")
2023-06-10 14:36:53,311 - INFO - Streamlit APP running.
2023-06-10 14:36:55,107 - INFO - Streamlit APP running.
2023-06-10 14:37:12,607 - INFO - Streamlit APP running.
2023-06-10 14:37:25,131 - INFO - Streamlit APP running.
2023-06-10 14:37:47,716 - INFO - Streamlit APP running.
2023-06-10 14:37:51,369 - INFO - Streamlit APP running.
2023-06-10 14:37:51,392 - INFO - SQL error. ('22007', '[22007] [Microsoft][ODBC SQL Server Driver][SQL Server]Conversion failed when converting character string to smalldatetime data type. (295) (SQLExecDirectW)')
2023-06-10 14:47:01,283 - INFO - Streamlit APP running.
2023-06-10 14:47:05,987 - INFO - Streamlit APP running.
2023-06-10 14:47:27,818 - INFO - Streamlit APP running.
2023-06-10 14:47:35,264 - INFO - Streamlit APP running.
2023-06-10 14:47:35,362 - INFO - Streamlit APP running.
2023-06-10 14:47:35,379 - INFO - SQL error. ('The SQL contains 1 parameter markers, but 2 parameters were supplied', 'HY000')
2023-06-10 14:48:13,317 - INFO - Streamlit APP running.
2023-06-10 14:48:15,292 - INFO - Streamlit APP running.
2023-06-10 14:48:15,308 - INFO - SQL error. ('42000', '[42000] [Microsoft][ODBC SQL Server Driver][SQL Server]Must declare the table variable "@P1". (1087) (SQLExecDirectW); [42000] [Microsoft][ODBC SQL Server Driver][SQL Server]Statement(s) could not be prepared. (8180)')
2023-06-10 14:49:50,607 - INFO - Streamlit APP running.
2023-06-10 14:49:53,365 - INFO - Streamlit APP running.
2023-06-10 14:49:53,382 - INFO - SQL error. ('42000', '[42000] [Microsoft][ODBC SQL Server Driver][SQL Server]Must declare the table variable "@P1". (1087) (SQLExecDirectW); [42000] [Microsoft][ODBC SQL Server Driver][SQL Server]Statement(s) could not be prepared. (8180)')
2023-06-10 14:51:40,575 - INFO - Streamlit APP running.
2023-06-10 14:51:42,232 - INFO - Streamlit APP running.
2023-06-10 14:51:42,257 - INFO - SQL error. ('42000', '[42000] [Microsoft][ODBC SQL Server Driver][SQL Server]Must declare the table variable "@P1". (1087) (SQLExecDirectW); [42000] [Microsoft][ODBC SQL Server Driver][SQL Server]Statement(s) could not be prepared. (8180)')
2023-06-10 14:52:19,858 - INFO - Streamlit APP running.
2023-06-10 14:52:25,171 - INFO - Streamlit APP running.
2023-06-10 14:52:25,190 - INFO - SQL error. ('42000', '[42000] [Microsoft][ODBC SQL Server Driver][SQL Server]Must declare the table variable "@P1". (1087) (SQLExecDirectW); [42000] [Microsoft][ODBC SQL Server Driver][SQL Server]Statement(s) could not be prepared. (8180)')
2023-06-10 14:52:43,452 - INFO - Streamlit APP running.
2023-06-10 14:52:43,471 - INFO - SQL error. ('42000', '[42000] [Microsoft][ODBC SQL Server Driver][SQL Server]Must declare the table variable "@P1". (1087) (SQLExecDirectW); [42000] [Microsoft][ODBC SQL Server Driver][SQL Server]Statement(s) could not be prepared. (8180)')
2023-06-10 14:52:44,604 - INFO - Streamlit APP running.
2023-06-10 14:52:44,625 - INFO - SQL error. ('42000', '[42000] [Microsoft][ODBC SQL Server Driver][SQL Server]Must declare the table variable "@P1". (1087) (SQLExecDirectW); [42000] [Microsoft][ODBC SQL Server Driver][SQL Server]Statement(s) could not be prepared. (8180)')
2023-06-10 14:54:39,088 - INFO - Streamlit APP running.
2023-06-10 14:54:40,577 - INFO - Streamlit APP running.
2023-06-10 14:55:00,160 - INFO - Streamlit APP running.
2023-06-10 14:55:03,056 - INFO - Streamlit APP running.
2023-06-10 14:55:32,372 - INFO - Streamlit APP running.
2023-06-10 14:55:42,819 - INFO - Streamlit APP running.
2023-06-10 14:55:47,108 - INFO - Streamlit APP running.
2023-06-10 14:56:00,965 - INFO - Streamlit APP running.
2023-06-10 14:56:03,967 - INFO - Streamlit APP running.
2023-06-10 14:56:15,011 - INFO - Streamlit APP running.
2023-06-10 14:56:34,314 - INFO - Streamlit APP running.
2023-06-10 14:56:38,207 - INFO - Streamlit APP running.
2023-06-10 14:56:38,230 - INFO - SQL error. ('22007', '[22007] [Microsoft][ODBC SQL Server Driver][SQL Server]Conversion failed when converting character string to smalldatetime data type. (295) (SQLExecDirectW)')
2023-06-10 14:57:40,553 - INFO - Streamlit APP running.
2023-06-10 14:57:42,092 - INFO - Streamlit APP running.
2023-06-10 14:57:42,116 - INFO - SQL error. ('42000', "[42000] [Microsoft][ODBC SQL Server Driver][SQL Server]Incorrect syntax near '14'. (102) (SQLExecDirectW)")
2023-06-10 14:58:43,701 - INFO - Streamlit APP running.
2023-06-10 14:58:52,654 - INFO - Streamlit APP running.
2023-06-10 14:58:52,746 - INFO - Streamlit APP running.
2023-06-10 14:58:52,766 - INFO - SQL error. ('42000', "[42000] [Microsoft][ODBC SQL Server Driver][SQL Server]Incorrect syntax near '14'. (102) (SQLExecDirectW)")
2023-06-10 14:59:04,586 - INFO - Streamlit APP running.
2023-06-10 14:59:10,667 - INFO - Streamlit APP running.
2023-06-10 14:59:18,496 - INFO - Streamlit APP running.
2023-06-10 14:59:20,237 - INFO - Streamlit APP running.
2023-06-10 15:03:45,009 - INFO - Streamlit APP running.
2023-06-10 15:04:18,605 - INFO - Streamlit APP running.
2023-06-10 15:04:46,924 - INFO - Streamlit APP running.
2023-06-10 15:04:47,010 - INFO - Streamlit APP running.
2023-06-10 15:05:04,365 - INFO - Streamlit APP running.
2023-06-10 15:05:14,989 - INFO - Streamlit APP running.
2023-06-10 15:05:27,811 - INFO - Streamlit APP running.
2023-06-10 15:05:34,628 - INFO - Streamlit APP running.
2023-06-10 15:05:34,720 - INFO - Streamlit APP running.
2023-06-10 15:05:44,572 - INFO - Streamlit APP running.
2023-06-10 15:16:59,817 - INFO - Streamlit APP running.
2023-06-12 14:26:13,900 - INFO - Streamlit APP running.
2023-06-12 14:26:16,718 - INFO - Streamlit APP running.
2023-06-12 14:26:27,622 - INFO - Streamlit APP running.
2023-06-13 09:00:46,668 - INFO - Streamlit APP running.
2023-06-13 09:00:51,322 - INFO - Streamlit APP running.
2023-06-13 09:01:06,520 - INFO - Streamlit APP running.
2023-06-13 09:01:31,126 - INFO - Streamlit APP running.
2023-06-13 09:01:31,227 - INFO - Streamlit APP running.
2023-06-13 09:01:33,113 - INFO - Streamlit APP running.
2023-06-13 09:02:01,686 - INFO - Streamlit APP running.
2023-06-13 09:02:07,427 - INFO - Streamlit APP running.
2023-06-13 09:02:09,951 - INFO - Streamlit APP running.
2023-06-13 09:02:36,708 - INFO - Streamlit APP running.
2023-06-13 09:02:36,815 - INFO - Streamlit APP running.
2023-06-13 09:02:40,508 - INFO - Streamlit APP running.
2023-06-13 09:02:42,323 - INFO - Streamlit APP running.
2023-06-13 09:05:56,359 - INFO - Streamlit APP running.
2023-06-13 09:05:59,509 - INFO - Streamlit APP running.
2023-06-13 09:06:19,685 - INFO - Streamlit APP running.
2023-06-13 09:06:24,542 - INFO - Streamlit APP running.
2023-06-13 09:06:30,791 - INFO - Streamlit APP running.
2023-06-13 09:08:14,415 - INFO - Streamlit APP running.
2023-06-13 09:16:55,366 - INFO - Streamlit APP running.
2023-06-13 09:17:51,155 - INFO - Streamlit APP running.
2023-06-13 11:14:45,003 - INFO - Streamlit APP running.
2023-06-13 11:14:46,764 - INFO - Streamlit APP running.
2023-06-13 11:18:37,604 - INFO - Streamlit APP running.
2023-06-13 11:18:41,693 - INFO - Streamlit APP running.
2023-06-13 11:22:09,071 - INFO - Streamlit APP running.
2023-06-13 11:22:12,018 - INFO - Streamlit APP running.
2023-06-13 11:24:11,726 - INFO - Streamlit APP running.
2023-06-13 11:27:40,209 - INFO - Streamlit APP running.
2023-06-13 11:29:24,144 - INFO - Streamlit APP running.
2023-06-13 11:29:32,933 - INFO - Streamlit APP running.
2023-06-13 11:36:46,088 - INFO - Streamlit APP running.
2023-06-13 11:37:37,365 - INFO - Streamlit APP running.
2023-06-13 11:38:17,149 - INFO - Streamlit APP running.
2023-06-13 11:38:25,559 - INFO - Streamlit APP running.
2023-06-13 11:38:25,639 - INFO - Streamlit APP running.
2023-06-13 11:38:54,649 - INFO - Streamlit APP running.
2023-06-13 11:39:01,092 - INFO - Streamlit APP running.
2023-06-13 11:39:03,581 - INFO - Streamlit APP running.
2023-06-13 11:39:26,904 - INFO - Streamlit APP running.
2023-06-13 11:39:27,002 - INFO - Streamlit APP running.
2023-06-13 11:39:48,876 - INFO - Streamlit APP running.
2023-06-13 11:39:51,459 - INFO - Streamlit APP running.
2023-06-13 11:39:56,054 - INFO - Streamlit APP running.
2023-06-13 11:39:58,486 - INFO - Streamlit APP running.
2023-06-13 11:40:06,529 - INFO - Streamlit APP running.
2023-06-13 11:40:06,615 - INFO - Streamlit APP running.
2023-06-13 11:40:10,622 - INFO - Streamlit APP running.
2023-06-13 11:40:10,716 - INFO - Streamlit APP running.
2023-06-13 11:40:32,624 - INFO - Streamlit APP running.
2023-06-13 11:43:32,685 - INFO - Streamlit APP running.
2023-06-13 11:43:50,090 - INFO - Streamlit APP running.
2023-06-13 11:43:50,215 - INFO - Streamlit APP running.
2023-06-13 11:43:54,478 - INFO - Streamlit APP running.
2023-06-13 11:43:54,572 - INFO - Streamlit APP running.
2023-06-13 11:43:57,215 - INFO - Streamlit APP running.
2023-06-13 11:44:03,261 - INFO - Streamlit APP running.
2023-06-13 11:44:09,856 - INFO - Streamlit APP running.
2023-06-13 13:23:04,492 - INFO - Streamlit APP running.
2023-06-13 13:23:19,288 - INFO - Streamlit APP running.
2023-06-13 13:23:26,319 - INFO - Streamlit APP running.
2023-06-13 13:23:28,001 - INFO - Streamlit APP running.
2023-06-13 13:23:44,029 - INFO - Streamlit APP running.
2023-06-13 13:23:44,959 - INFO - Streamlit APP running.
2023-06-13 13:23:59,738 - INFO - Streamlit APP running.
2023-06-13 13:24:01,471 - INFO - Streamlit APP running.
2023-06-13 13:24:12,875 - INFO - Streamlit APP running.
2023-06-13 13:24:34,541 - INFO - Streamlit APP running.
2023-06-13 13:24:58,256 - INFO - Streamlit APP running.
2023-06-13 13:24:59,966 - INFO - Data adding successfully.
2023-06-13 13:25:06,043 - INFO - Streamlit APP running.
2023-06-13 13:25:08,617 - INFO - Streamlit APP running.
2023-06-13 13:25:08,715 - INFO - Data adding successfully.
2023-06-13 13:25:14,110 - INFO - Streamlit APP running.
2023-06-13 13:25:34,880 - INFO - Streamlit APP running.
2023-06-13 13:25:38,089 - INFO - Streamlit APP running.
2023-06-14 08:48:11,521 - INFO - Streamlit APP running.
2023-06-14 09:06:01,200 - INFO - Streamlit APP running.
2023-06-14 09:13:32,858 - INFO - Streamlit APP running.
2023-06-14 09:13:45,917 - INFO - Streamlit APP running.
2023-06-14 09:13:53,907 - INFO - Streamlit APP running.
2023-06-14 09:13:54,023 - INFO - Streamlit APP running.
2023-06-14 09:14:19,438 - INFO - Streamlit APP running.
2023-06-14 09:14:30,845 - INFO - Streamlit APP running.
2023-06-14 09:14:47,182 - INFO - Streamlit APP running.
2023-06-14 09:14:47,276 - INFO - Streamlit APP running.
2023-06-14 09:17:51,201 - INFO - Streamlit APP running.
2023-06-14 09:17:54,278 - INFO - Streamlit APP running.
2023-06-14 09:18:10,678 - INFO - Streamlit APP running.
2023-06-14 09:18:40,522 - INFO - Streamlit APP running.
2023-06-14 09:18:42,673 - INFO - Streamlit APP running.
2023-06-14 09:18:55,442 - INFO - Streamlit APP running.
2023-06-14 09:18:55,538 - INFO - Streamlit APP running.
2023-06-14 09:18:58,977 - INFO - Streamlit APP running.
2023-06-14 09:19:14,114 - INFO - Streamlit APP running.
2023-06-14 09:19:18,051 - INFO - Streamlit APP running.
2023-06-14 09:19:18,646 - INFO - Streamlit APP running.
2023-06-14 09:19:29,110 - INFO - Streamlit APP running.
2023-06-14 09:19:29,201 - INFO - Streamlit APP running.
2023-06-14 09:19:34,873 - INFO - Streamlit APP running.
2023-06-14 09:20:06,991 - INFO - Streamlit APP running.
2023-06-14 09:20:14,984 - INFO - Streamlit APP running.
2023-06-14 09:24:56,647 - INFO - Streamlit APP running.
2023-06-14 09:25:03,435 - INFO - Streamlit APP running.
2023-06-14 09:25:03,532 - INFO - Streamlit APP running.
2023-06-14 09:25:06,466 - INFO - Streamlit APP running.
2023-06-14 09:25:22,764 - INFO - Streamlit APP running.
2023-06-14 09:25:22,858 - INFO - Streamlit APP running.
2023-06-14 09:25:37,381 - INFO - Streamlit APP running.
2023-06-14 09:25:42,414 - INFO - Streamlit APP running.
2023-06-14 09:25:53,408 - INFO - Streamlit APP running.
2023-06-14 09:26:20,101 - INFO - Streamlit APP running.
2023-06-14 09:26:22,665 - INFO - Streamlit APP running.
2023-06-14 09:26:25,542 - INFO - Streamlit APP running.
2023-06-14 09:27:40,335 - INFO - Streamlit APP running.
2023-06-15 13:29:25,443 - INFO - Streamlit APP running.
2023-06-15 13:29:26,301 - INFO - Streamlit APP running.
2023-06-15 14:14:04,278 - INFO - Streamlit APP running.
2023-06-15 14:25:40,397 - INFO - Streamlit APP running.
